[0.016s] Invoking command in '/home/usuario/Documentos/GitHub/IR2121/Navigation/build/nav_fisico': CMAKE_PREFIX_PATH=/opt/ros/foxy /usr/bin/cmake --build /home/usuario/Documentos/GitHub/IR2121/Navigation/build/nav_fisico -- -j6 -l6
[0.069s] [100%] Built target publisher
[0.078s] Invoked command in '/home/usuario/Documentos/GitHub/IR2121/Navigation/build/nav_fisico' returned '0': CMAKE_PREFIX_PATH=/opt/ros/foxy /usr/bin/cmake --build /home/usuario/Documentos/GitHub/IR2121/Navigation/build/nav_fisico -- -j6 -l6
[0.102s] Invoking command in '/home/usuario/Documentos/GitHub/IR2121/Navigation/build/nav_fisico': CMAKE_PREFIX_PATH=/opt/ros/foxy /usr/bin/cmake --install /home/usuario/Documentos/GitHub/IR2121/Navigation/build/nav_fisico
[0.109s] -- Install configuration: ""
[0.109s] -- Installing: /home/usuario/Documentos/GitHub/IR2121/Navigation/install/nav_fisico/lib/nav_fisico/publisher
[0.119s] -- Set runtime path of "/home/usuario/Documentos/GitHub/IR2121/Navigation/install/nav_fisico/lib/nav_fisico/publisher" to ""
[0.119s] -- Installing: /home/usuario/Documentos/GitHub/IR2121/Navigation/install/nav_fisico/share/ament_index/resource_index/package_run_dependencies/nav_fisico
[0.119s] -- Installing: /home/usuario/Documentos/GitHub/IR2121/Navigation/install/nav_fisico/share/ament_index/resource_index/parent_prefix_path/nav_fisico
[0.120s] -- Installing: /home/usuario/Documentos/GitHub/IR2121/Navigation/install/nav_fisico/share/nav_fisico/environment/ament_prefix_path.sh
[0.120s] -- Installing: /home/usuario/Documentos/GitHub/IR2121/Navigation/install/nav_fisico/share/nav_fisico/environment/ament_prefix_path.dsv
[0.120s] -- Installing: /home/usuario/Documentos/GitHub/IR2121/Navigation/install/nav_fisico/share/nav_fisico/environment/path.sh
[0.120s] -- Installing: /home/usuario/Documentos/GitHub/IR2121/Navigation/install/nav_fisico/share/nav_fisico/environment/path.dsv
[0.121s] -- Installing: /home/usuario/Documentos/GitHub/IR2121/Navigation/install/nav_fisico/share/nav_fisico/local_setup.bash
[0.121s] -- Installing: /home/usuario/Documentos/GitHub/IR2121/Navigation/install/nav_fisico/share/nav_fisico/local_setup.sh
[0.121s] -- Installing: /home/usuario/Documentos/GitHub/IR2121/Navigation/install/nav_fisico/share/nav_fisico/local_setup.zsh
[0.122s] -- Installing: /home/usuario/Documentos/GitHub/IR2121/Navigation/install/nav_fisico/share/nav_fisico/local_setup.dsv
[0.122s] -- Installing: /home/usuario/Documentos/GitHub/IR2121/Navigation/install/nav_fisico/share/nav_fisico/package.dsv
[0.122s] -- Installing: /home/usuario/Documentos/GitHub/IR2121/Navigation/install/nav_fisico/share/ament_index/resource_index/packages/nav_fisico
[0.123s] -- Installing: /home/usuario/Documentos/GitHub/IR2121/Navigation/install/nav_fisico/share/nav_fisico/cmake/nav_fisicoConfig.cmake
[0.123s] -- Installing: /home/usuario/Documentos/GitHub/IR2121/Navigation/install/nav_fisico/share/nav_fisico/cmake/nav_fisicoConfig-version.cmake
[0.123s] -- Installing: /home/usuario/Documentos/GitHub/IR2121/Navigation/install/nav_fisico/share/nav_fisico/package.xml
[0.126s] Invoked command in '/home/usuario/Documentos/GitHub/IR2121/Navigation/build/nav_fisico' returned '0': CMAKE_PREFIX_PATH=/opt/ros/foxy /usr/bin/cmake --install /home/usuario/Documentos/GitHub/IR2121/Navigation/build/nav_fisico
