[0.856s] Invoking command in '/home/usuario/Documentos/GitHub/IR2121/Navigation/build/nav_fisico': CMAKE_PREFIX_PATH=${CMAKE_PREFIX_PATH}:/opt/ros/foxy /usr/bin/cmake --build /home/usuario/Documentos/GitHub/IR2121/Navigation/build/nav_fisico -- -j2 -l2
[1.043s] [35m[1mScanning dependencies of target publisher[0m
[1.188s] [ 50%] [32mBuilding CXX object CMakeFiles/publisher.dir/publisher.cpp.o[0m
[23.265s] [100%] [32m[1mLinking CXX executable publisher[0m
[24.569s] [100%] Built target publisher
[24.622s] Invoked command in '/home/usuario/Documentos/GitHub/IR2121/Navigation/build/nav_fisico' returned '0': CMAKE_PREFIX_PATH=${CMAKE_PREFIX_PATH}:/opt/ros/foxy /usr/bin/cmake --build /home/usuario/Documentos/GitHub/IR2121/Navigation/build/nav_fisico -- -j2 -l2
[24.749s] Invoking command in '/home/usuario/Documentos/GitHub/IR2121/Navigation/build/nav_fisico': CMAKE_PREFIX_PATH=${CMAKE_PREFIX_PATH}:/opt/ros/foxy /usr/bin/cmake --install /home/usuario/Documentos/GitHub/IR2121/Navigation/build/nav_fisico
[24.797s] -- Install configuration: ""
[24.800s] -- Installing: /home/usuario/Documentos/GitHub/IR2121/Navigation/install/nav_fisico/lib/nav_fisico/publisher
[24.809s] -- Set runtime path of "/home/usuario/Documentos/GitHub/IR2121/Navigation/install/nav_fisico/lib/nav_fisico/publisher" to ""
[24.810s] -- Up-to-date: /home/usuario/Documentos/GitHub/IR2121/Navigation/install/nav_fisico/share/ament_index/resource_index/package_run_dependencies/nav_fisico
[24.810s] -- Up-to-date: /home/usuario/Documentos/GitHub/IR2121/Navigation/install/nav_fisico/share/ament_index/resource_index/parent_prefix_path/nav_fisico
[24.812s] -- Up-to-date: /home/usuario/Documentos/GitHub/IR2121/Navigation/install/nav_fisico/share/nav_fisico/environment/ament_prefix_path.sh
[24.812s] -- Up-to-date: /home/usuario/Documentos/GitHub/IR2121/Navigation/install/nav_fisico/share/nav_fisico/environment/ament_prefix_path.dsv
[24.813s] -- Up-to-date: /home/usuario/Documentos/GitHub/IR2121/Navigation/install/nav_fisico/share/nav_fisico/environment/path.sh
[24.814s] -- Up-to-date: /home/usuario/Documentos/GitHub/IR2121/Navigation/install/nav_fisico/share/nav_fisico/environment/path.dsv
[24.815s] -- Up-to-date: /home/usuario/Documentos/GitHub/IR2121/Navigation/install/nav_fisico/share/nav_fisico/local_setup.bash
[24.815s] -- Up-to-date: /home/usuario/Documentos/GitHub/IR2121/Navigation/install/nav_fisico/share/nav_fisico/local_setup.sh
[24.816s] -- Up-to-date: /home/usuario/Documentos/GitHub/IR2121/Navigation/install/nav_fisico/share/nav_fisico/local_setup.zsh
[24.823s] -- Up-to-date: /home/usuario/Documentos/GitHub/IR2121/Navigation/install/nav_fisico/share/nav_fisico/local_setup.dsv
[24.824s] -- Installing: /home/usuario/Documentos/GitHub/IR2121/Navigation/install/nav_fisico/share/nav_fisico/package.dsv
[24.830s] -- Up-to-date: /home/usuario/Documentos/GitHub/IR2121/Navigation/install/nav_fisico/share/ament_index/resource_index/packages/nav_fisico
[24.831s] -- Up-to-date: /home/usuario/Documentos/GitHub/IR2121/Navigation/install/nav_fisico/share/nav_fisico/cmake/nav_fisicoConfig.cmake
[24.831s] -- Up-to-date: /home/usuario/Documentos/GitHub/IR2121/Navigation/install/nav_fisico/share/nav_fisico/cmake/nav_fisicoConfig-version.cmake
[24.832s] -- Up-to-date: /home/usuario/Documentos/GitHub/IR2121/Navigation/install/nav_fisico/share/nav_fisico/package.xml
[24.833s] Invoked command in '/home/usuario/Documentos/GitHub/IR2121/Navigation/build/nav_fisico' returned '0': CMAKE_PREFIX_PATH=${CMAKE_PREFIX_PATH}:/opt/ros/foxy /usr/bin/cmake --install /home/usuario/Documentos/GitHub/IR2121/Navigation/build/nav_fisico
