[0.014s] Invoking command in '/home/usuario/Documentos/GitHub/IR2121/Navigation/build/nav': CMAKE_PREFIX_PATH=/opt/ros/foxy /usr/bin/cmake --build /home/usuario/Documentos/GitHub/IR2121/Navigation/build/nav -- -j6 -l6
[0.054s] [35m[1mScanning dependencies of target publisher[0m
[0.079s] [ 50%] [32mBuilding CXX object CMakeFiles/publisher.dir/publisher.cpp.o[0m
[3.986s] [100%] [32m[1mLinking CXX executable publisher[0m
[4.329s] [100%] Built target publisher
[4.341s] Invoked command in '/home/usuario/Documentos/GitHub/IR2121/Navigation/build/nav' returned '0': CMAKE_PREFIX_PATH=/opt/ros/foxy /usr/bin/cmake --build /home/usuario/Documentos/GitHub/IR2121/Navigation/build/nav -- -j6 -l6
[4.374s] Invoking command in '/home/usuario/Documentos/GitHub/IR2121/Navigation/build/nav': CMAKE_PREFIX_PATH=/opt/ros/foxy /usr/bin/cmake --install /home/usuario/Documentos/GitHub/IR2121/Navigation/build/nav
[4.380s] -- Install configuration: ""
[4.381s] -- Installing: /home/usuario/Documentos/GitHub/IR2121/Navigation/install/nav/lib/nav/publisher
[4.382s] -- Set runtime path of "/home/usuario/Documentos/GitHub/IR2121/Navigation/install/nav/lib/nav/publisher" to ""
[4.382s] -- Installing: /home/usuario/Documentos/GitHub/IR2121/Navigation/install/nav/share/ament_index/resource_index/package_run_dependencies/nav
[4.382s] -- Up-to-date: /home/usuario/Documentos/GitHub/IR2121/Navigation/install/nav/share/ament_index/resource_index/parent_prefix_path/nav
[4.382s] -- Up-to-date: /home/usuario/Documentos/GitHub/IR2121/Navigation/install/nav/share/nav/environment/ament_prefix_path.sh
[4.382s] -- Installing: /home/usuario/Documentos/GitHub/IR2121/Navigation/install/nav/share/nav/environment/ament_prefix_path.dsv
[4.382s] -- Up-to-date: /home/usuario/Documentos/GitHub/IR2121/Navigation/install/nav/share/nav/environment/path.sh
[4.383s] -- Installing: /home/usuario/Documentos/GitHub/IR2121/Navigation/install/nav/share/nav/environment/path.dsv
[4.383s] -- Up-to-date: /home/usuario/Documentos/GitHub/IR2121/Navigation/install/nav/share/nav/local_setup.bash
[4.383s] -- Up-to-date: /home/usuario/Documentos/GitHub/IR2121/Navigation/install/nav/share/nav/local_setup.sh
[4.383s] -- Up-to-date: /home/usuario/Documentos/GitHub/IR2121/Navigation/install/nav/share/nav/local_setup.zsh
[4.383s] -- Installing: /home/usuario/Documentos/GitHub/IR2121/Navigation/install/nav/share/nav/local_setup.dsv
[4.384s] -- Installing: /home/usuario/Documentos/GitHub/IR2121/Navigation/install/nav/share/nav/package.dsv
[4.384s] -- Up-to-date: /home/usuario/Documentos/GitHub/IR2121/Navigation/install/nav/share/ament_index/resource_index/packages/nav
[4.384s] -- Up-to-date: /home/usuario/Documentos/GitHub/IR2121/Navigation/install/nav/share/nav/cmake/navConfig.cmake
[4.384s] -- Up-to-date: /home/usuario/Documentos/GitHub/IR2121/Navigation/install/nav/share/nav/cmake/navConfig-version.cmake
[4.384s] -- Installing: /home/usuario/Documentos/GitHub/IR2121/Navigation/install/nav/share/nav/package.xml
[4.387s] Invoked command in '/home/usuario/Documentos/GitHub/IR2121/Navigation/build/nav' returned '0': CMAKE_PREFIX_PATH=/opt/ros/foxy /usr/bin/cmake --install /home/usuario/Documentos/GitHub/IR2121/Navigation/build/nav
