[19.212s] DEBUG:colcon:Command line arguments: ['/usr/bin/colcon', 'build']
[19.212s] DEBUG:colcon:Parsed command line arguments: Namespace(allow_overriding=[], ament_cmake_args=None, base_paths=['.'], build_base='build', catkin_cmake_args=None, catkin_skip_building_tests=False, cmake_args=None, cmake_clean_cache=False, cmake_clean_first=False, cmake_force_configure=False, cmake_target=None, cmake_target_skip_unavailable=False, continue_on_error=False, event_handlers=None, executor='parallel', ignore_user_meta=False, install_base='install', log_base=None, log_level=None, main=<bound method BuildVerb.main of <colcon_core.verb.build.BuildVerb object at 0x7f24da0b1490>>, merge_install=False, metas=['./colcon.meta'], packages_above=None, packages_above_and_dependencies=None, packages_above_depth=None, packages_end=None, packages_ignore=None, packages_ignore_regex=None, packages_select=None, packages_select_build_failed=False, packages_select_by_dep=None, packages_select_regex=None, packages_select_test_failures=False, packages_skip=None, packages_skip_build_finished=False, packages_skip_by_dep=None, packages_skip_regex=None, packages_skip_test_passed=False, packages_skip_up_to=None, packages_start=None, packages_up_to=None, packages_up_to_regex=None, parallel_workers=2, paths=None, symlink_install=False, test_result_base=None, verb_extension=<colcon_core.verb.build.BuildVerb object at 0x7f24da0b1490>, verb_name='build', verb_parser=<colcon_defaults.argument_parser.defaults.DefaultArgumentsDecorator object at 0x7f24d9ce0f10>)
[19.712s] Level 1:colcon.colcon_core.package_discovery:discover_packages(colcon_meta) check parameters
[19.713s] Level 1:colcon.colcon_core.package_discovery:discover_packages(recursive) check parameters
[19.713s] Level 1:colcon.colcon_core.package_discovery:discover_packages(ignore) check parameters
[19.713s] Level 1:colcon.colcon_core.package_discovery:discover_packages(path) check parameters
[19.713s] Level 1:colcon.colcon_core.package_discovery:discover_packages(colcon_meta) discover
[19.713s] Level 1:colcon.colcon_core.package_discovery:discover_packages(recursive) discover
[19.714s] INFO:colcon.colcon_core.package_discovery:Crawling recursively for packages in '/home/usuario/Documentos/GitHub/IR2121/Navigation'
[19.714s] Level 1:colcon.colcon_core.package_identification:_identify(.) by extensions ['ignore', 'ignore_ament_install']
[19.714s] Level 1:colcon.colcon_core.package_identification:_identify(.) by extension 'ignore'
[19.715s] Level 1:colcon.colcon_core.package_identification:_identify(.) by extension 'ignore_ament_install'
[19.715s] Level 1:colcon.colcon_core.package_identification:_identify(.) by extensions ['colcon_pkg']
[19.715s] Level 1:colcon.colcon_core.package_identification:_identify(.) by extension 'colcon_pkg'
[19.715s] Level 1:colcon.colcon_core.package_identification:_identify(.) by extensions ['colcon_meta']
[19.715s] Level 1:colcon.colcon_core.package_identification:_identify(.) by extension 'colcon_meta'
[19.715s] Level 1:colcon.colcon_core.package_identification:_identify(.) by extensions ['ros']
[19.716s] Level 1:colcon.colcon_core.package_identification:_identify(.) by extension 'ros'
[19.765s] Level 1:colcon.colcon_core.package_identification:_identify(.) by extensions ['cmake', 'python']
[19.766s] Level 1:colcon.colcon_core.package_identification:_identify(.) by extension 'cmake'
[19.766s] Level 1:colcon.colcon_core.package_identification:_identify(.) by extension 'python'
[19.766s] Level 1:colcon.colcon_core.package_identification:_identify(.) by extensions ['python_setup_py']
[19.766s] Level 1:colcon.colcon_core.package_identification:_identify(.) by extension 'python_setup_py'
[19.767s] Level 1:colcon.colcon_core.package_identification:_identify(build) by extensions ['ignore', 'ignore_ament_install']
[19.767s] Level 1:colcon.colcon_core.package_identification:_identify(build) by extension 'ignore'
[19.767s] Level 1:colcon.colcon_core.package_identification:_identify(build) ignored
[19.768s] Level 1:colcon.colcon_core.package_identification:_identify(install) by extensions ['ignore', 'ignore_ament_install']
[19.768s] Level 1:colcon.colcon_core.package_identification:_identify(install) by extension 'ignore'
[19.769s] Level 1:colcon.colcon_core.package_identification:_identify(install) ignored
[19.769s] Level 1:colcon.colcon_core.package_identification:_identify(log) by extensions ['ignore', 'ignore_ament_install']
[19.769s] Level 1:colcon.colcon_core.package_identification:_identify(log) by extension 'ignore'
[19.770s] Level 1:colcon.colcon_core.package_identification:_identify(log) ignored
[19.770s] Level 1:colcon.colcon_core.package_identification:_identify(src) by extensions ['ignore', 'ignore_ament_install']
[19.770s] Level 1:colcon.colcon_core.package_identification:_identify(src) by extension 'ignore'
[19.770s] Level 1:colcon.colcon_core.package_identification:_identify(src) by extension 'ignore_ament_install'
[19.771s] Level 1:colcon.colcon_core.package_identification:_identify(src) by extensions ['colcon_pkg']
[19.771s] Level 1:colcon.colcon_core.package_identification:_identify(src) by extension 'colcon_pkg'
[19.771s] Level 1:colcon.colcon_core.package_identification:_identify(src) by extensions ['colcon_meta']
[19.771s] Level 1:colcon.colcon_core.package_identification:_identify(src) by extension 'colcon_meta'
[19.771s] Level 1:colcon.colcon_core.package_identification:_identify(src) by extensions ['ros']
[19.772s] Level 1:colcon.colcon_core.package_identification:_identify(src) by extension 'ros'
[19.772s] Level 1:colcon.colcon_core.package_identification:_identify(src) by extensions ['cmake', 'python']
[19.772s] Level 1:colcon.colcon_core.package_identification:_identify(src) by extension 'cmake'
[19.772s] Level 1:colcon.colcon_core.package_identification:_identify(src) by extension 'python'
[19.772s] Level 1:colcon.colcon_core.package_identification:_identify(src) by extensions ['python_setup_py']
[19.773s] Level 1:colcon.colcon_core.package_identification:_identify(src) by extension 'python_setup_py'
[19.773s] Level 1:colcon.colcon_core.package_identification:_identify(src/nav) by extensions ['ignore', 'ignore_ament_install']
[19.773s] Level 1:colcon.colcon_core.package_identification:_identify(src/nav) by extension 'ignore'
[19.774s] Level 1:colcon.colcon_core.package_identification:_identify(src/nav) by extension 'ignore_ament_install'
[19.774s] Level 1:colcon.colcon_core.package_identification:_identify(src/nav) by extensions ['colcon_pkg']
[19.774s] Level 1:colcon.colcon_core.package_identification:_identify(src/nav) by extension 'colcon_pkg'
[19.774s] Level 1:colcon.colcon_core.package_identification:_identify(src/nav) by extensions ['colcon_meta']
[19.774s] Level 1:colcon.colcon_core.package_identification:_identify(src/nav) by extension 'colcon_meta'
[19.775s] Level 1:colcon.colcon_core.package_identification:_identify(src/nav) by extensions ['ros']
[19.775s] Level 1:colcon.colcon_core.package_identification:_identify(src/nav) by extension 'ros'
[19.784s] DEBUG:colcon.colcon_core.package_identification:Package 'src/nav' with type 'ros.ament_cmake' and name 'nav'
[19.785s] Level 1:colcon.colcon_core.package_identification:_identify(src/nav_fisico) by extensions ['ignore', 'ignore_ament_install']
[19.785s] Level 1:colcon.colcon_core.package_identification:_identify(src/nav_fisico) by extension 'ignore'
[19.785s] Level 1:colcon.colcon_core.package_identification:_identify(src/nav_fisico) by extension 'ignore_ament_install'
[19.786s] Level 1:colcon.colcon_core.package_identification:_identify(src/nav_fisico) by extensions ['colcon_pkg']
[19.786s] Level 1:colcon.colcon_core.package_identification:_identify(src/nav_fisico) by extension 'colcon_pkg'
[19.786s] Level 1:colcon.colcon_core.package_identification:_identify(src/nav_fisico) by extensions ['colcon_meta']
[19.786s] Level 1:colcon.colcon_core.package_identification:_identify(src/nav_fisico) by extension 'colcon_meta'
[19.786s] Level 1:colcon.colcon_core.package_identification:_identify(src/nav_fisico) by extensions ['ros']
[19.786s] Level 1:colcon.colcon_core.package_identification:_identify(src/nav_fisico) by extension 'ros'
[19.789s] DEBUG:colcon.colcon_core.package_identification:Package 'src/nav_fisico' with type 'ros.ament_cmake' and name 'nav_fisico'
[19.789s] Level 1:colcon.colcon_core.package_discovery:discover_packages(recursive) using defaults
[19.789s] Level 1:colcon.colcon_core.package_discovery:discover_packages(ignore) discover
[19.789s] Level 1:colcon.colcon_core.package_discovery:discover_packages(ignore) using defaults
[19.790s] Level 1:colcon.colcon_core.package_discovery:discover_packages(path) discover
[19.790s] Level 1:colcon.colcon_core.package_discovery:discover_packages(path) using defaults
[20.805s] Level 1:colcon.colcon_core.package_discovery:discover_packages(prefix_path) check parameters
[20.805s] Level 1:colcon.colcon_core.package_discovery:discover_packages(prefix_path) discover
[21.164s] DEBUG:colcon.colcon_installed_package_information.package_discovery:Found 2 installed packages in /home/usuario/Documentos/GitHub/IR2121/Navigation/install
[21.356s] DEBUG:colcon.colcon_installed_package_information.package_discovery:Found 330 installed packages in /opt/ros/foxy
[21.368s] Level 1:colcon.colcon_core.package_discovery:discover_packages(prefix_path) using defaults
[22.240s] Level 5:colcon.colcon_core.verb:set package 'nav' build argument 'cmake_args' from command line to 'None'
[22.241s] Level 5:colcon.colcon_core.verb:set package 'nav' build argument 'cmake_target' from command line to 'None'
[22.241s] Level 5:colcon.colcon_core.verb:set package 'nav' build argument 'cmake_target_skip_unavailable' from command line to 'False'
[22.241s] Level 5:colcon.colcon_core.verb:set package 'nav' build argument 'cmake_clean_cache' from command line to 'False'
[22.241s] Level 5:colcon.colcon_core.verb:set package 'nav' build argument 'cmake_clean_first' from command line to 'False'
[22.241s] Level 5:colcon.colcon_core.verb:set package 'nav' build argument 'cmake_force_configure' from command line to 'False'
[22.241s] Level 5:colcon.colcon_core.verb:set package 'nav' build argument 'ament_cmake_args' from command line to 'None'
[22.241s] Level 5:colcon.colcon_core.verb:set package 'nav' build argument 'catkin_cmake_args' from command line to 'None'
[22.242s] Level 5:colcon.colcon_core.verb:set package 'nav' build argument 'catkin_skip_building_tests' from command line to 'False'
[22.242s] DEBUG:colcon.colcon_core.verb:Building package 'nav' with the following arguments: {'ament_cmake_args': None, 'build_base': '/home/usuario/Documentos/GitHub/IR2121/Navigation/build/nav', 'catkin_cmake_args': None, 'catkin_skip_building_tests': False, 'cmake_args': None, 'cmake_clean_cache': False, 'cmake_clean_first': False, 'cmake_force_configure': False, 'cmake_target': None, 'cmake_target_skip_unavailable': False, 'install_base': '/home/usuario/Documentos/GitHub/IR2121/Navigation/install/nav', 'merge_install': False, 'path': '/home/usuario/Documentos/GitHub/IR2121/Navigation/src/nav', 'symlink_install': False, 'test_result_base': None}
[22.427s] Level 5:colcon.colcon_core.verb:set package 'nav_fisico' build argument 'cmake_args' from command line to 'None'
[22.427s] Level 5:colcon.colcon_core.verb:set package 'nav_fisico' build argument 'cmake_target' from command line to 'None'
[22.427s] Level 5:colcon.colcon_core.verb:set package 'nav_fisico' build argument 'cmake_target_skip_unavailable' from command line to 'False'
[22.428s] Level 5:colcon.colcon_core.verb:set package 'nav_fisico' build argument 'cmake_clean_cache' from command line to 'False'
[22.428s] Level 5:colcon.colcon_core.verb:set package 'nav_fisico' build argument 'cmake_clean_first' from command line to 'False'
[22.428s] Level 5:colcon.colcon_core.verb:set package 'nav_fisico' build argument 'cmake_force_configure' from command line to 'False'
[22.428s] Level 5:colcon.colcon_core.verb:set package 'nav_fisico' build argument 'ament_cmake_args' from command line to 'None'
[22.428s] Level 5:colcon.colcon_core.verb:set package 'nav_fisico' build argument 'catkin_cmake_args' from command line to 'None'
[22.428s] Level 5:colcon.colcon_core.verb:set package 'nav_fisico' build argument 'catkin_skip_building_tests' from command line to 'False'
[22.428s] DEBUG:colcon.colcon_core.verb:Building package 'nav_fisico' with the following arguments: {'ament_cmake_args': None, 'build_base': '/home/usuario/Documentos/GitHub/IR2121/Navigation/build/nav_fisico', 'catkin_cmake_args': None, 'catkin_skip_building_tests': False, 'cmake_args': None, 'cmake_clean_cache': False, 'cmake_clean_first': False, 'cmake_force_configure': False, 'cmake_target': None, 'cmake_target_skip_unavailable': False, 'install_base': '/home/usuario/Documentos/GitHub/IR2121/Navigation/install/nav_fisico', 'merge_install': False, 'path': '/home/usuario/Documentos/GitHub/IR2121/Navigation/src/nav_fisico', 'symlink_install': False, 'test_result_base': None}
[22.615s] INFO:colcon.colcon_core.executor:Executing jobs using 'parallel' executor
[22.808s] DEBUG:colcon.colcon_parallel_executor.executor.parallel:run_until_complete
[22.809s] INFO:colcon.colcon_ros.task.ament_cmake.build:Building ROS package in '/home/usuario/Documentos/GitHub/IR2121/Navigation/src/nav' with build type 'ament_cmake'
[22.811s] INFO:colcon.colcon_cmake.task.cmake.build:Building CMake package in '/home/usuario/Documentos/GitHub/IR2121/Navigation/src/nav'
[23.018s] INFO:colcon.colcon_core.plugin_system:Skipping extension 'colcon_core.shell.bat': Not used on non-Windows systems
[23.020s] INFO:colcon.colcon_core.shell:Skip shell extension 'powershell' for command environment: Not usable outside of PowerShell
[23.020s] DEBUG:colcon.colcon_core.shell:Skip shell extension 'dsv' for command environment
[23.608s] INFO:colcon.colcon_ros.task.ament_cmake.build:Building ROS package in '/home/usuario/Documentos/GitHub/IR2121/Navigation/src/nav_fisico' with build type 'ament_cmake'
[23.610s] INFO:colcon.colcon_cmake.task.cmake.build:Building CMake package in '/home/usuario/Documentos/GitHub/IR2121/Navigation/src/nav_fisico'
[23.815s] INFO:colcon.colcon_core.shell:Skip shell extension 'powershell' for command environment: Not usable outside of PowerShell
[23.815s] DEBUG:colcon.colcon_core.shell:Skip shell extension 'dsv' for command environment
[24.439s] DEBUG:colcon.colcon_core.event_handler.log_command:Invoking command in '/home/usuario/Documentos/GitHub/IR2121/Navigation/build/nav': CMAKE_PREFIX_PATH=${CMAKE_PREFIX_PATH}:/opt/ros/foxy /usr/bin/cmake --build /home/usuario/Documentos/GitHub/IR2121/Navigation/build/nav -- -j2 -l2
[24.466s] DEBUG:colcon.colcon_core.event_handler.log_command:Invoking command in '/home/usuario/Documentos/GitHub/IR2121/Navigation/build/nav_fisico': CMAKE_PREFIX_PATH=${CMAKE_PREFIX_PATH}:/opt/ros/foxy /usr/bin/cmake --build /home/usuario/Documentos/GitHub/IR2121/Navigation/build/nav_fisico -- -j2 -l2
[24.741s] DEBUG:colcon.colcon_core.event_handler.log_command:Invoked command in '/home/usuario/Documentos/GitHub/IR2121/Navigation/build/nav' returned '0': CMAKE_PREFIX_PATH=${CMAKE_PREFIX_PATH}:/opt/ros/foxy /usr/bin/cmake --build /home/usuario/Documentos/GitHub/IR2121/Navigation/build/nav -- -j2 -l2
[24.892s] DEBUG:colcon.colcon_core.event_handler.log_command:Invoking command in '/home/usuario/Documentos/GitHub/IR2121/Navigation/build/nav': CMAKE_PREFIX_PATH=${CMAKE_PREFIX_PATH}:/opt/ros/foxy /usr/bin/cmake --install /home/usuario/Documentos/GitHub/IR2121/Navigation/build/nav
[24.961s] Level 1:colcon.colcon_core.environment:create_environment_scripts_only(nav)
[24.972s] DEBUG:colcon.colcon_core.event_handler.log_command:Invoked command in '/home/usuario/Documentos/GitHub/IR2121/Navigation/build/nav' returned '0': CMAKE_PREFIX_PATH=${CMAKE_PREFIX_PATH}:/opt/ros/foxy /usr/bin/cmake --install /home/usuario/Documentos/GitHub/IR2121/Navigation/build/nav
[25.173s] Level 1:colcon.colcon_core.environment:checking '/home/usuario/Documentos/GitHub/IR2121/Navigation/install/nav' for CMake module files
[25.176s] Level 1:colcon.colcon_core.environment:checking '/home/usuario/Documentos/GitHub/IR2121/Navigation/install/nav' for CMake config files
[25.177s] Level 1:colcon.colcon_core.shell:create_environment_hook('nav', 'cmake_prefix_path')
[25.369s] INFO:colcon.colcon_core.shell:Creating environment hook '/home/usuario/Documentos/GitHub/IR2121/Navigation/install/nav/share/nav/hook/cmake_prefix_path.ps1'
[25.372s] INFO:colcon.colcon_core.shell:Creating environment descriptor '/home/usuario/Documentos/GitHub/IR2121/Navigation/install/nav/share/nav/hook/cmake_prefix_path.dsv'
[25.374s] INFO:colcon.colcon_core.shell:Creating environment hook '/home/usuario/Documentos/GitHub/IR2121/Navigation/install/nav/share/nav/hook/cmake_prefix_path.sh'
[25.378s] Level 1:colcon.colcon_core.environment:checking '/home/usuario/Documentos/GitHub/IR2121/Navigation/install/nav/lib'
[25.379s] Level 1:colcon.colcon_core.environment:checking '/home/usuario/Documentos/GitHub/IR2121/Navigation/install/nav/bin'
[25.379s] Level 1:colcon.colcon_core.environment:checking '/home/usuario/Documentos/GitHub/IR2121/Navigation/install/nav/lib/pkgconfig/nav.pc'
[25.380s] Level 1:colcon.colcon_core.environment:checking '/home/usuario/Documentos/GitHub/IR2121/Navigation/install/nav/lib/python3.8/site-packages'
[25.381s] Level 1:colcon.colcon_core.environment:checking '/home/usuario/Documentos/GitHub/IR2121/Navigation/install/nav/bin'
[25.572s] INFO:colcon.colcon_core.shell:Creating package script '/home/usuario/Documentos/GitHub/IR2121/Navigation/install/nav/share/nav/package.ps1'
[25.575s] INFO:colcon.colcon_core.shell:Creating package descriptor '/home/usuario/Documentos/GitHub/IR2121/Navigation/install/nav/share/nav/package.dsv'
[25.577s] INFO:colcon.colcon_core.shell:Creating package script '/home/usuario/Documentos/GitHub/IR2121/Navigation/install/nav/share/nav/package.sh'
[25.581s] INFO:colcon.colcon_core.shell:Creating package script '/home/usuario/Documentos/GitHub/IR2121/Navigation/install/nav/share/nav/package.bash'
[25.584s] INFO:colcon.colcon_core.shell:Creating package script '/home/usuario/Documentos/GitHub/IR2121/Navigation/install/nav/share/nav/package.zsh'
[25.587s] Level 1:colcon.colcon_core.environment:create_file_with_runtime_dependencies(/home/usuario/Documentos/GitHub/IR2121/Navigation/install/nav/share/colcon-core/packages/nav)
[25.877s] Level 1:colcon.colcon_core.environment:create_environment_scripts_only(nav)
[26.068s] Level 1:colcon.colcon_core.environment:checking '/home/usuario/Documentos/GitHub/IR2121/Navigation/install/nav' for CMake module files
[26.071s] Level 1:colcon.colcon_core.environment:checking '/home/usuario/Documentos/GitHub/IR2121/Navigation/install/nav' for CMake config files
[26.072s] Level 1:colcon.colcon_core.shell:create_environment_hook('nav', 'cmake_prefix_path')
[26.261s] INFO:colcon.colcon_core.shell:Creating environment hook '/home/usuario/Documentos/GitHub/IR2121/Navigation/install/nav/share/nav/hook/cmake_prefix_path.ps1'
[26.263s] INFO:colcon.colcon_core.shell:Creating environment descriptor '/home/usuario/Documentos/GitHub/IR2121/Navigation/install/nav/share/nav/hook/cmake_prefix_path.dsv'
[26.265s] INFO:colcon.colcon_core.shell:Creating environment hook '/home/usuario/Documentos/GitHub/IR2121/Navigation/install/nav/share/nav/hook/cmake_prefix_path.sh'
[26.267s] Level 1:colcon.colcon_core.environment:checking '/home/usuario/Documentos/GitHub/IR2121/Navigation/install/nav/lib'
[26.268s] Level 1:colcon.colcon_core.environment:checking '/home/usuario/Documentos/GitHub/IR2121/Navigation/install/nav/bin'
[26.268s] Level 1:colcon.colcon_core.environment:checking '/home/usuario/Documentos/GitHub/IR2121/Navigation/install/nav/lib/pkgconfig/nav.pc'
[26.269s] Level 1:colcon.colcon_core.environment:checking '/home/usuario/Documentos/GitHub/IR2121/Navigation/install/nav/lib/python3.8/site-packages'
[26.270s] Level 1:colcon.colcon_core.environment:checking '/home/usuario/Documentos/GitHub/IR2121/Navigation/install/nav/bin'
[26.459s] INFO:colcon.colcon_core.shell:Creating package script '/home/usuario/Documentos/GitHub/IR2121/Navigation/install/nav/share/nav/package.ps1'
[26.462s] INFO:colcon.colcon_core.shell:Creating package descriptor '/home/usuario/Documentos/GitHub/IR2121/Navigation/install/nav/share/nav/package.dsv'
[26.465s] INFO:colcon.colcon_core.shell:Creating package script '/home/usuario/Documentos/GitHub/IR2121/Navigation/install/nav/share/nav/package.sh'
[26.467s] INFO:colcon.colcon_core.shell:Creating package script '/home/usuario/Documentos/GitHub/IR2121/Navigation/install/nav/share/nav/package.bash'
[26.469s] INFO:colcon.colcon_core.shell:Creating package script '/home/usuario/Documentos/GitHub/IR2121/Navigation/install/nav/share/nav/package.zsh'
[26.471s] Level 1:colcon.colcon_core.environment:create_file_with_runtime_dependencies(/home/usuario/Documentos/GitHub/IR2121/Navigation/install/nav/share/colcon-core/packages/nav)
[48.231s] DEBUG:colcon.colcon_core.event_handler.log_command:Invoked command in '/home/usuario/Documentos/GitHub/IR2121/Navigation/build/nav_fisico' returned '0': CMAKE_PREFIX_PATH=${CMAKE_PREFIX_PATH}:/opt/ros/foxy /usr/bin/cmake --build /home/usuario/Documentos/GitHub/IR2121/Navigation/build/nav_fisico -- -j2 -l2
[48.359s] DEBUG:colcon.colcon_core.event_handler.log_command:Invoking command in '/home/usuario/Documentos/GitHub/IR2121/Navigation/build/nav_fisico': CMAKE_PREFIX_PATH=${CMAKE_PREFIX_PATH}:/opt/ros/foxy /usr/bin/cmake --install /home/usuario/Documentos/GitHub/IR2121/Navigation/build/nav_fisico
[48.428s] Level 1:colcon.colcon_core.environment:create_environment_scripts_only(nav_fisico)
[48.443s] DEBUG:colcon.colcon_core.event_handler.log_command:Invoked command in '/home/usuario/Documentos/GitHub/IR2121/Navigation/build/nav_fisico' returned '0': CMAKE_PREFIX_PATH=${CMAKE_PREFIX_PATH}:/opt/ros/foxy /usr/bin/cmake --install /home/usuario/Documentos/GitHub/IR2121/Navigation/build/nav_fisico
[48.647s] Level 1:colcon.colcon_core.environment:checking '/home/usuario/Documentos/GitHub/IR2121/Navigation/install/nav_fisico' for CMake module files
[48.650s] Level 1:colcon.colcon_core.environment:checking '/home/usuario/Documentos/GitHub/IR2121/Navigation/install/nav_fisico' for CMake config files
[48.651s] Level 1:colcon.colcon_core.shell:create_environment_hook('nav_fisico', 'cmake_prefix_path')
[48.844s] INFO:colcon.colcon_core.shell:Creating environment hook '/home/usuario/Documentos/GitHub/IR2121/Navigation/install/nav_fisico/share/nav_fisico/hook/cmake_prefix_path.ps1'
[48.847s] INFO:colcon.colcon_core.shell:Creating environment descriptor '/home/usuario/Documentos/GitHub/IR2121/Navigation/install/nav_fisico/share/nav_fisico/hook/cmake_prefix_path.dsv'
[48.849s] INFO:colcon.colcon_core.shell:Creating environment hook '/home/usuario/Documentos/GitHub/IR2121/Navigation/install/nav_fisico/share/nav_fisico/hook/cmake_prefix_path.sh'
[48.851s] Level 1:colcon.colcon_core.environment:checking '/home/usuario/Documentos/GitHub/IR2121/Navigation/install/nav_fisico/lib'
[48.852s] Level 1:colcon.colcon_core.environment:checking '/home/usuario/Documentos/GitHub/IR2121/Navigation/install/nav_fisico/bin'
[48.852s] Level 1:colcon.colcon_core.environment:checking '/home/usuario/Documentos/GitHub/IR2121/Navigation/install/nav_fisico/lib/pkgconfig/nav_fisico.pc'
[48.853s] Level 1:colcon.colcon_core.environment:checking '/home/usuario/Documentos/GitHub/IR2121/Navigation/install/nav_fisico/lib/python3.8/site-packages'
[48.854s] Level 1:colcon.colcon_core.environment:checking '/home/usuario/Documentos/GitHub/IR2121/Navigation/install/nav_fisico/bin'
[49.063s] INFO:colcon.colcon_core.shell:Creating package script '/home/usuario/Documentos/GitHub/IR2121/Navigation/install/nav_fisico/share/nav_fisico/package.ps1'
[49.065s] INFO:colcon.colcon_core.shell:Creating package descriptor '/home/usuario/Documentos/GitHub/IR2121/Navigation/install/nav_fisico/share/nav_fisico/package.dsv'
[49.067s] INFO:colcon.colcon_core.shell:Creating package script '/home/usuario/Documentos/GitHub/IR2121/Navigation/install/nav_fisico/share/nav_fisico/package.sh'
[49.069s] INFO:colcon.colcon_core.shell:Creating package script '/home/usuario/Documentos/GitHub/IR2121/Navigation/install/nav_fisico/share/nav_fisico/package.bash'
[49.070s] INFO:colcon.colcon_core.shell:Creating package script '/home/usuario/Documentos/GitHub/IR2121/Navigation/install/nav_fisico/share/nav_fisico/package.zsh'
[49.072s] Level 1:colcon.colcon_core.environment:create_file_with_runtime_dependencies(/home/usuario/Documentos/GitHub/IR2121/Navigation/install/nav_fisico/share/colcon-core/packages/nav_fisico)
[49.426s] Level 1:colcon.colcon_core.environment:create_environment_scripts_only(nav_fisico)
[49.632s] Level 1:colcon.colcon_core.environment:checking '/home/usuario/Documentos/GitHub/IR2121/Navigation/install/nav_fisico' for CMake module files
[49.635s] Level 1:colcon.colcon_core.environment:checking '/home/usuario/Documentos/GitHub/IR2121/Navigation/install/nav_fisico' for CMake config files
[49.637s] Level 1:colcon.colcon_core.shell:create_environment_hook('nav_fisico', 'cmake_prefix_path')
[49.832s] INFO:colcon.colcon_core.shell:Creating environment hook '/home/usuario/Documentos/GitHub/IR2121/Navigation/install/nav_fisico/share/nav_fisico/hook/cmake_prefix_path.ps1'
[49.834s] INFO:colcon.colcon_core.shell:Creating environment descriptor '/home/usuario/Documentos/GitHub/IR2121/Navigation/install/nav_fisico/share/nav_fisico/hook/cmake_prefix_path.dsv'
[49.835s] INFO:colcon.colcon_core.shell:Creating environment hook '/home/usuario/Documentos/GitHub/IR2121/Navigation/install/nav_fisico/share/nav_fisico/hook/cmake_prefix_path.sh'
[49.838s] Level 1:colcon.colcon_core.environment:checking '/home/usuario/Documentos/GitHub/IR2121/Navigation/install/nav_fisico/lib'
[49.838s] Level 1:colcon.colcon_core.environment:checking '/home/usuario/Documentos/GitHub/IR2121/Navigation/install/nav_fisico/bin'
[49.839s] Level 1:colcon.colcon_core.environment:checking '/home/usuario/Documentos/GitHub/IR2121/Navigation/install/nav_fisico/lib/pkgconfig/nav_fisico.pc'
[49.840s] Level 1:colcon.colcon_core.environment:checking '/home/usuario/Documentos/GitHub/IR2121/Navigation/install/nav_fisico/lib/python3.8/site-packages'
[49.840s] Level 1:colcon.colcon_core.environment:checking '/home/usuario/Documentos/GitHub/IR2121/Navigation/install/nav_fisico/bin'
[50.049s] INFO:colcon.colcon_core.shell:Creating package script '/home/usuario/Documentos/GitHub/IR2121/Navigation/install/nav_fisico/share/nav_fisico/package.ps1'
[50.051s] INFO:colcon.colcon_core.shell:Creating package descriptor '/home/usuario/Documentos/GitHub/IR2121/Navigation/install/nav_fisico/share/nav_fisico/package.dsv'
[50.054s] INFO:colcon.colcon_core.shell:Creating package script '/home/usuario/Documentos/GitHub/IR2121/Navigation/install/nav_fisico/share/nav_fisico/package.sh'
[50.056s] INFO:colcon.colcon_core.shell:Creating package script '/home/usuario/Documentos/GitHub/IR2121/Navigation/install/nav_fisico/share/nav_fisico/package.bash'
[50.058s] INFO:colcon.colcon_core.shell:Creating package script '/home/usuario/Documentos/GitHub/IR2121/Navigation/install/nav_fisico/share/nav_fisico/package.zsh'
[50.060s] Level 1:colcon.colcon_core.environment:create_file_with_runtime_dependencies(/home/usuario/Documentos/GitHub/IR2121/Navigation/install/nav_fisico/share/colcon-core/packages/nav_fisico)
[50.061s] DEBUG:colcon.colcon_parallel_executor.executor.parallel:closing loop
[50.062s] DEBUG:colcon.colcon_parallel_executor.executor.parallel:loop closed
[50.063s] DEBUG:colcon.colcon_parallel_executor.executor.parallel:run_until_complete finished with '0'
[50.064s] DEBUG:colcon.colcon_core.event_reactor:joining thread
[50.333s] INFO:colcon.colcon_core.plugin_system:Skipping extension 'colcon_notification.desktop_notification.terminal_notifier': Not used on non-Darwin systems
[50.334s] INFO:colcon.colcon_core.plugin_system:Skipping extension 'colcon_notification.desktop_notification.win32': Not used on non-Windows systems
[50.334s] INFO:colcon.colcon_notification.desktop_notification:Sending desktop notification using 'notify2'
[51.026s] DEBUG:colcon.colcon_core.event_reactor:joined thread
[51.218s] INFO:colcon.colcon_core.shell:Creating prefix script '/home/usuario/Documentos/GitHub/IR2121/Navigation/install/local_setup.ps1'
[51.222s] INFO:colcon.colcon_core.shell:Creating prefix util module '/home/usuario/Documentos/GitHub/IR2121/Navigation/install/_local_setup_util_ps1.py'
[51.227s] INFO:colcon.colcon_core.shell:Creating prefix chain script '/home/usuario/Documentos/GitHub/IR2121/Navigation/install/setup.ps1'
[51.416s] INFO:colcon.colcon_core.shell:Creating prefix script '/home/usuario/Documentos/GitHub/IR2121/Navigation/install/local_setup.sh'
[51.418s] INFO:colcon.colcon_core.shell:Creating prefix util module '/home/usuario/Documentos/GitHub/IR2121/Navigation/install/_local_setup_util_sh.py'
[51.421s] INFO:colcon.colcon_core.shell:Creating prefix chain script '/home/usuario/Documentos/GitHub/IR2121/Navigation/install/setup.sh'
[51.607s] INFO:colcon.colcon_core.shell:Creating prefix script '/home/usuario/Documentos/GitHub/IR2121/Navigation/install/local_setup.bash'
[51.609s] INFO:colcon.colcon_core.shell:Creating prefix chain script '/home/usuario/Documentos/GitHub/IR2121/Navigation/install/setup.bash'
[51.795s] INFO:colcon.colcon_core.shell:Creating prefix script '/home/usuario/Documentos/GitHub/IR2121/Navigation/install/local_setup.zsh'
[51.797s] INFO:colcon.colcon_core.shell:Creating prefix chain script '/home/usuario/Documentos/GitHub/IR2121/Navigation/install/setup.zsh'
