[0.754s] Invoking command in '/home/usuario/Documentos/GitHub/IR2121/Navigation/build/nav_fisico': CMAKE_PREFIX_PATH=/opt/ros/foxy /usr/bin/cmake /home/usuario/Documentos/GitHub/IR2121/Navigation/src/nav_fisico -DCMAKE_INSTALL_PREFIX=/home/usuario/Documentos/GitHub/IR2121/Navigation/install/nav_fisico
[1.090s] -- The C compiler identification is GNU 9.4.0
[1.481s] -- The CXX compiler identification is GNU 9.4.0
[1.503s] -- Check for working C compiler: /usr/bin/cc
[1.794s] -- Check for working C compiler: /usr/bin/cc -- works
[1.800s] -- Detecting C compiler ABI info
[2.091s] -- Detecting C compiler ABI info - done
[2.152s] -- Detecting C compile features
[2.154s] -- Detecting C compile features - done
[2.169s] -- Check for working CXX compiler: /usr/bin/c++
[2.504s] -- Check for working CXX compiler: /usr/bin/c++ -- works
[2.510s] -- Detecting CXX compiler ABI info
[2.868s] -- Detecting CXX compiler ABI info - done
[2.929s] -- Detecting CXX compile features
[2.933s] -- Detecting CXX compile features - done
[2.948s] -- Found ament_cmake: 0.9.12 (/opt/ros/foxy/share/ament_cmake/cmake)
[3.049s] -- Found PythonInterp: /usr/bin/python3 (found suitable version "3.8.10", minimum required is "3") 
[3.050s] -- Using PYTHON_EXECUTABLE: /usr/bin/python3
[4.018s] -- Found rclcpp: 2.4.3 (/opt/ros/foxy/share/rclcpp/cmake)
[4.224s] -- Using all available rosidl_typesupport_c: rosidl_typesupport_fastrtps_c;rosidl_typesupport_introspection_c
[4.257s] -- Found rosidl_adapter: 1.3.1 (/opt/ros/foxy/share/rosidl_adapter/cmake)
[4.591s] -- Found OpenSSL: /usr/lib/x86_64-linux-gnu/libcrypto.so (found version "1.1.1f")  
[4.677s] -- Found FastRTPS: /opt/ros/foxy/include  
[5.009s] -- Using all available rosidl_typesupport_cpp: rosidl_typesupport_fastrtps_cpp;rosidl_typesupport_introspection_cpp
[5.323s] -- Found rmw_implementation_cmake: 1.0.4 (/opt/ros/foxy/share/rmw_implementation_cmake/cmake)
[5.330s] -- Using RMW implementation 'rmw_fastrtps_cpp' as default
[5.335s] -- Looking for pthread.h
[5.648s] -- Looking for pthread.h - found
[5.649s] -- Performing Test CMAKE_HAVE_LIBC_PTHREAD
[5.968s] -- Performing Test CMAKE_HAVE_LIBC_PTHREAD - Failed
[5.968s] -- Looking for pthread_create in pthreads
[6.212s] -- Looking for pthread_create in pthreads - not found
[6.213s] -- Looking for pthread_create in pthread
[6.512s] -- Looking for pthread_create in pthread - found
[6.518s] -- Found Threads: TRUE  
[7.372s] -- Found geometry_msgs: 2.0.5 (/opt/ros/foxy/share/geometry_msgs/cmake)
[7.839s] -- Configuring done
[7.873s] -- Generating done
[7.881s] -- Build files have been written to: /home/usuario/Documentos/GitHub/IR2121/Navigation/build/nav_fisico
[7.933s] Invoked command in '/home/usuario/Documentos/GitHub/IR2121/Navigation/build/nav_fisico' returned '0': CMAKE_PREFIX_PATH=/opt/ros/foxy /usr/bin/cmake /home/usuario/Documentos/GitHub/IR2121/Navigation/src/nav_fisico -DCMAKE_INSTALL_PREFIX=/home/usuario/Documentos/GitHub/IR2121/Navigation/install/nav_fisico
[7.939s] Invoking command in '/home/usuario/Documentos/GitHub/IR2121/Navigation/build/nav_fisico': CMAKE_PREFIX_PATH=/opt/ros/foxy /usr/bin/cmake --build /home/usuario/Documentos/GitHub/IR2121/Navigation/build/nav_fisico -- -j2 -l2
[8.121s] [35m[1mScanning dependencies of target publisher[0m
[8.347s] [ 50%] [32mBuilding CXX object CMakeFiles/publisher.dir/publisher.cpp.o[0m
[31.609s] [100%] [32m[1mLinking CXX executable publisher[0m
[33.011s] [100%] Built target publisher
[33.059s] Invoked command in '/home/usuario/Documentos/GitHub/IR2121/Navigation/build/nav_fisico' returned '0': CMAKE_PREFIX_PATH=/opt/ros/foxy /usr/bin/cmake --build /home/usuario/Documentos/GitHub/IR2121/Navigation/build/nav_fisico -- -j2 -l2
[33.233s] Invoking command in '/home/usuario/Documentos/GitHub/IR2121/Navigation/build/nav_fisico': CMAKE_PREFIX_PATH=/opt/ros/foxy /usr/bin/cmake --install /home/usuario/Documentos/GitHub/IR2121/Navigation/build/nav_fisico
[33.284s] -- Install configuration: ""
[33.284s] -- Installing: /home/usuario/Documentos/GitHub/IR2121/Navigation/install/nav_fisico/lib/nav_fisico/publisher
[33.297s] -- Set runtime path of "/home/usuario/Documentos/GitHub/IR2121/Navigation/install/nav_fisico/lib/nav_fisico/publisher" to ""
[33.297s] -- Installing: /home/usuario/Documentos/GitHub/IR2121/Navigation/install/nav_fisico/share/ament_index/resource_index/package_run_dependencies/nav_fisico
[33.298s] -- Installing: /home/usuario/Documentos/GitHub/IR2121/Navigation/install/nav_fisico/share/ament_index/resource_index/parent_prefix_path/nav_fisico
[33.299s] -- Installing: /home/usuario/Documentos/GitHub/IR2121/Navigation/install/nav_fisico/share/nav_fisico/environment/ament_prefix_path.sh
[33.300s] -- Installing: /home/usuario/Documentos/GitHub/IR2121/Navigation/install/nav_fisico/share/nav_fisico/environment/ament_prefix_path.dsv
[33.301s] -- Installing: /home/usuario/Documentos/GitHub/IR2121/Navigation/install/nav_fisico/share/nav_fisico/environment/path.sh
[33.302s] -- Installing: /home/usuario/Documentos/GitHub/IR2121/Navigation/install/nav_fisico/share/nav_fisico/environment/path.dsv
[33.303s] -- Installing: /home/usuario/Documentos/GitHub/IR2121/Navigation/install/nav_fisico/share/nav_fisico/local_setup.bash
[33.303s] -- Installing: /home/usuario/Documentos/GitHub/IR2121/Navigation/install/nav_fisico/share/nav_fisico/local_setup.sh
[33.304s] -- Installing: /home/usuario/Documentos/GitHub/IR2121/Navigation/install/nav_fisico/share/nav_fisico/local_setup.zsh
[33.305s] -- Installing: /home/usuario/Documentos/GitHub/IR2121/Navigation/install/nav_fisico/share/nav_fisico/local_setup.dsv
[33.306s] -- Installing: /home/usuario/Documentos/GitHub/IR2121/Navigation/install/nav_fisico/share/nav_fisico/package.dsv
[33.307s] -- Installing: /home/usuario/Documentos/GitHub/IR2121/Navigation/install/nav_fisico/share/ament_index/resource_index/packages/nav_fisico
[33.308s] -- Installing: /home/usuario/Documentos/GitHub/IR2121/Navigation/install/nav_fisico/share/nav_fisico/cmake/nav_fisicoConfig.cmake
[33.312s] -- Installing: /home/usuario/Documentos/GitHub/IR2121/Navigation/install/nav_fisico/share/nav_fisico/cmake/nav_fisicoConfig-version.cmake
[33.312s] -- Installing: /home/usuario/Documentos/GitHub/IR2121/Navigation/install/nav_fisico/share/nav_fisico/package.xml
[33.319s] Invoked command in '/home/usuario/Documentos/GitHub/IR2121/Navigation/build/nav_fisico' returned '0': CMAKE_PREFIX_PATH=/opt/ros/foxy /usr/bin/cmake --install /home/usuario/Documentos/GitHub/IR2121/Navigation/build/nav_fisico
