[1.378s] Invoking command in '/home/usuario/Documentos/GitHub/IR2121/Navigation/build/nav': CMAKE_PREFIX_PATH=/opt/ros/foxy /usr/bin/cmake /home/usuario/Documentos/GitHub/IR2121/Navigation/src/nav -DCMAKE_INSTALL_PREFIX=/home/usuario/Documentos/GitHub/IR2121/Navigation/install/nav
[1.736s] -- The C compiler identification is GNU 9.4.0
[2.124s] -- The CXX compiler identification is GNU 9.4.0
[2.147s] -- Check for working C compiler: /usr/bin/cc
[2.443s] -- Check for working C compiler: /usr/bin/cc -- works
[2.446s] -- Detecting C compiler ABI info
[2.739s] -- Detecting C compiler ABI info - done
[2.802s] -- Detecting C compile features
[2.803s] -- Detecting C compile features - done
[2.816s] -- Check for working CXX compiler: /usr/bin/c++
[3.162s] -- Check for working CXX compiler: /usr/bin/c++ -- works
[3.166s] -- Detecting CXX compiler ABI info
[3.516s] -- Detecting CXX compiler ABI info - done
[3.577s] -- Detecting CXX compile features
[3.580s] -- Detecting CXX compile features - done
[3.593s] -- Found ament_cmake: 0.9.12 (/opt/ros/foxy/share/ament_cmake/cmake)
[3.693s] -- Found PythonInterp: /usr/bin/python3 (found suitable version "3.8.10", minimum required is "3") 
[3.694s] -- Using PYTHON_EXECUTABLE: /usr/bin/python3
[4.663s] -- Found rclcpp: 2.4.3 (/opt/ros/foxy/share/rclcpp/cmake)
[4.868s] -- Using all available rosidl_typesupport_c: rosidl_typesupport_fastrtps_c;rosidl_typesupport_introspection_c
[4.901s] -- Found rosidl_adapter: 1.3.1 (/opt/ros/foxy/share/rosidl_adapter/cmake)
[5.237s] -- Found OpenSSL: /usr/lib/x86_64-linux-gnu/libcrypto.so (found version "1.1.1f")  
[5.321s] -- Found FastRTPS: /opt/ros/foxy/include  
[5.651s] -- Using all available rosidl_typesupport_cpp: rosidl_typesupport_fastrtps_cpp;rosidl_typesupport_introspection_cpp
[5.967s] -- Found rmw_implementation_cmake: 1.0.4 (/opt/ros/foxy/share/rmw_implementation_cmake/cmake)
[5.976s] -- Using RMW implementation 'rmw_fastrtps_cpp' as default
[5.981s] -- Looking for pthread.h
[6.292s] -- Looking for pthread.h - found
[6.295s] -- Performing Test CMAKE_HAVE_LIBC_PTHREAD
[6.612s] -- Performing Test CMAKE_HAVE_LIBC_PTHREAD - Failed
[6.612s] -- Looking for pthread_create in pthreads
[6.842s] -- Looking for pthread_create in pthreads - not found
[6.842s] -- Looking for pthread_create in pthread
[7.159s] -- Looking for pthread_create in pthread - found
[7.164s] -- Found Threads: TRUE  
[8.018s] -- Found geometry_msgs: 2.0.5 (/opt/ros/foxy/share/geometry_msgs/cmake)
[8.484s] -- Configuring done
[8.516s] -- Generating done
[8.523s] -- Build files have been written to: /home/usuario/Documentos/GitHub/IR2121/Navigation/build/nav
[8.556s] Invoked command in '/home/usuario/Documentos/GitHub/IR2121/Navigation/build/nav' returned '0': CMAKE_PREFIX_PATH=/opt/ros/foxy /usr/bin/cmake /home/usuario/Documentos/GitHub/IR2121/Navigation/src/nav -DCMAKE_INSTALL_PREFIX=/home/usuario/Documentos/GitHub/IR2121/Navigation/install/nav
[8.563s] Invoking command in '/home/usuario/Documentos/GitHub/IR2121/Navigation/build/nav': CMAKE_PREFIX_PATH=/opt/ros/foxy /usr/bin/cmake --build /home/usuario/Documentos/GitHub/IR2121/Navigation/build/nav -- -j2 -l2
[8.743s] [35m[1mScanning dependencies of target publisher[0m
[8.999s] [ 50%] [32mBuilding CXX object CMakeFiles/publisher.dir/publisher.cpp.o[0m
[32.233s] [100%] [32m[1mLinking CXX executable publisher[0m
[33.668s] [100%] Built target publisher
[33.717s] Invoked command in '/home/usuario/Documentos/GitHub/IR2121/Navigation/build/nav' returned '0': CMAKE_PREFIX_PATH=/opt/ros/foxy /usr/bin/cmake --build /home/usuario/Documentos/GitHub/IR2121/Navigation/build/nav -- -j2 -l2
[33.900s] Invoking command in '/home/usuario/Documentos/GitHub/IR2121/Navigation/build/nav': CMAKE_PREFIX_PATH=/opt/ros/foxy /usr/bin/cmake --install /home/usuario/Documentos/GitHub/IR2121/Navigation/build/nav
[33.963s] -- Install configuration: ""
[33.965s] -- Installing: /home/usuario/Documentos/GitHub/IR2121/Navigation/install/nav/lib/nav/publisher
[33.977s] -- Set runtime path of "/home/usuario/Documentos/GitHub/IR2121/Navigation/install/nav/lib/nav/publisher" to ""
[33.978s] -- Installing: /home/usuario/Documentos/GitHub/IR2121/Navigation/install/nav/share/ament_index/resource_index/package_run_dependencies/nav
[33.979s] -- Installing: /home/usuario/Documentos/GitHub/IR2121/Navigation/install/nav/share/ament_index/resource_index/parent_prefix_path/nav
[33.979s] -- Installing: /home/usuario/Documentos/GitHub/IR2121/Navigation/install/nav/share/nav/environment/ament_prefix_path.sh
[33.980s] -- Installing: /home/usuario/Documentos/GitHub/IR2121/Navigation/install/nav/share/nav/environment/ament_prefix_path.dsv
[33.981s] -- Installing: /home/usuario/Documentos/GitHub/IR2121/Navigation/install/nav/share/nav/environment/path.sh
[33.981s] -- Installing: /home/usuario/Documentos/GitHub/IR2121/Navigation/install/nav/share/nav/environment/path.dsv
[33.982s] -- Installing: /home/usuario/Documentos/GitHub/IR2121/Navigation/install/nav/share/nav/local_setup.bash
[33.982s] -- Installing: /home/usuario/Documentos/GitHub/IR2121/Navigation/install/nav/share/nav/local_setup.sh
[33.983s] -- Installing: /home/usuario/Documentos/GitHub/IR2121/Navigation/install/nav/share/nav/local_setup.zsh
[33.983s] -- Installing: /home/usuario/Documentos/GitHub/IR2121/Navigation/install/nav/share/nav/local_setup.dsv
[33.984s] -- Installing: /home/usuario/Documentos/GitHub/IR2121/Navigation/install/nav/share/nav/package.dsv
[33.984s] -- Installing: /home/usuario/Documentos/GitHub/IR2121/Navigation/install/nav/share/ament_index/resource_index/packages/nav
[33.988s] -- Installing: /home/usuario/Documentos/GitHub/IR2121/Navigation/install/nav/share/nav/cmake/navConfig.cmake
[33.989s] -- Installing: /home/usuario/Documentos/GitHub/IR2121/Navigation/install/nav/share/nav/cmake/navConfig-version.cmake
[33.989s] -- Installing: /home/usuario/Documentos/GitHub/IR2121/Navigation/install/nav/share/nav/package.xml
[34.677s] Invoked command in '/home/usuario/Documentos/GitHub/IR2121/Navigation/build/nav' returned '0': CMAKE_PREFIX_PATH=/opt/ros/foxy /usr/bin/cmake --install /home/usuario/Documentos/GitHub/IR2121/Navigation/build/nav
