-- Found ament_cmake: 0.9.12 (/opt/ros/foxy/share/ament_cmake/cmake)
-- Using PYTHON_EXECUTABLE: /usr/bin/python3
-- Found rclcpp: 2.4.3 (/opt/ros/foxy/share/rclcpp/cmake)
-- Using all available rosidl_typesupport_c: rosidl_typesupport_fastrtps_c;rosidl_typesupport_introspection_c
-- Found rosidl_adapter: 1.3.1 (/opt/ros/foxy/share/rosidl_adapter/cmake)
-- Using all available rosidl_typesupport_cpp: rosidl_typesupport_fastrtps_cpp;rosidl_typesupport_introspection_cpp
-- Found rmw_implementation_cmake: 1.0.4 (/opt/ros/foxy/share/rmw_implementation_cmake/cmake)
-- Using RMW implementation 'rmw_fastrtps_cpp' as default
-- Found geometry_msgs: 2.0.5 (/opt/ros/foxy/share/geometry_msgs/cmake)
-- Configuring done
-- Generating done
-- Build files have been written to: /home/usuario/Documentos/GitHub/IR2121/Navigation/build/nav_fisico
[35m[1mScanning dependencies of target publisher[0m
[ 50%] [32mBuilding CXX object CMakeFiles/publisher.dir/publisher.cpp.o[0m
[100%] [32m[1mLinking CXX executable publisher[0m
[100%] Built target publisher
-- Install configuration: ""
-- Installing: /home/usuario/Documentos/GitHub/IR2121/Navigation/install/nav_fisico/lib/nav_fisico/publisher
-- Set runtime path of "/home/usuario/Documentos/GitHub/IR2121/Navigation/install/nav_fisico/lib/nav_fisico/publisher" to ""
-- Up-to-date: /home/usuario/Documentos/GitHub/IR2121/Navigation/install/nav_fisico/share/ament_index/resource_index/package_run_dependencies/nav_fisico
-- Up-to-date: /home/usuario/Documentos/GitHub/IR2121/Navigation/install/nav_fisico/share/ament_index/resource_index/parent_prefix_path/nav_fisico
-- Installing: /home/usuario/Documentos/GitHub/IR2121/Navigation/install/nav_fisico/share/nav_fisico/environment/ament_prefix_path.sh
-- Installing: /home/usuario/Documentos/GitHub/IR2121/Navigation/install/nav_fisico/share/nav_fisico/environment/ament_prefix_path.dsv
-- Installing: /home/usuario/Documentos/GitHub/IR2121/Navigation/install/nav_fisico/share/nav_fisico/environment/path.sh
-- Installing: /home/usuario/Documentos/GitHub/IR2121/Navigation/install/nav_fisico/share/nav_fisico/environment/path.dsv
-- Up-to-date: /home/usuario/Documentos/GitHub/IR2121/Navigation/install/nav_fisico/share/nav_fisico/local_setup.bash
-- Up-to-date: /home/usuario/Documentos/GitHub/IR2121/Navigation/install/nav_fisico/share/nav_fisico/local_setup.sh
-- Up-to-date: /home/usuario/Documentos/GitHub/IR2121/Navigation/install/nav_fisico/share/nav_fisico/local_setup.zsh
-- Installing: /home/usuario/Documentos/GitHub/IR2121/Navigation/install/nav_fisico/share/nav_fisico/local_setup.dsv
-- Installing: /home/usuario/Documentos/GitHub/IR2121/Navigation/install/nav_fisico/share/nav_fisico/package.dsv
-- Up-to-date: /home/usuario/Documentos/GitHub/IR2121/Navigation/install/nav_fisico/share/ament_index/resource_index/packages/nav_fisico
-- Up-to-date: /home/usuario/Documentos/GitHub/IR2121/Navigation/install/nav_fisico/share/nav_fisico/cmake/nav_fisicoConfig.cmake
-- Up-to-date: /home/usuario/Documentos/GitHub/IR2121/Navigation/install/nav_fisico/share/nav_fisico/cmake/nav_fisicoConfig-version.cmake
-- Up-to-date: /home/usuario/Documentos/GitHub/IR2121/Navigation/install/nav_fisico/share/nav_fisico/package.xml
