[0.021s] Invoking command in '/home/usuario/Documentos/GitHub/IR2121/Navigation/build/nav_fisico': CMAKE_PREFIX_PATH=/opt/ros/foxy /usr/bin/cmake --build /home/usuario/Documentos/GitHub/IR2121/Navigation/build/nav_fisico -- -j6 -l6
[0.042s] -- Found ament_cmake: 0.9.12 (/opt/ros/foxy/share/ament_cmake/cmake)
[0.063s] -- Using PYTHON_EXECUTABLE: /usr/bin/python3
[0.220s] -- Found rclcpp: 2.4.3 (/opt/ros/foxy/share/rclcpp/cmake)
[0.247s] -- Using all available rosidl_typesupport_c: rosidl_typesupport_fastrtps_c;rosidl_typesupport_introspection_c
[0.249s] -- Found rosidl_adapter: 1.3.1 (/opt/ros/foxy/share/rosidl_adapter/cmake)
[0.345s] -- Using all available rosidl_typesupport_cpp: rosidl_typesupport_fastrtps_cpp;rosidl_typesupport_introspection_cpp
[0.380s] -- Found rmw_implementation_cmake: 1.0.4 (/opt/ros/foxy/share/rmw_implementation_cmake/cmake)
[0.381s] -- Using RMW implementation 'rmw_fastrtps_cpp' as default
[0.482s] -- Found geometry_msgs: 2.0.5 (/opt/ros/foxy/share/geometry_msgs/cmake)
[0.561s] -- Configuring done
[0.568s] -- Generating done
[0.569s] -- Build files have been written to: /home/usuario/Documentos/GitHub/IR2121/Navigation/build/nav_fisico
[0.591s] [35m[1mScanning dependencies of target publisher[0m
[0.611s] [ 50%] [32mBuilding CXX object CMakeFiles/publisher.dir/publisher.cpp.o[0m
[4.647s] [100%] [32m[1mLinking CXX executable publisher[0m
[4.819s] [100%] Built target publisher
[4.838s] Invoked command in '/home/usuario/Documentos/GitHub/IR2121/Navigation/build/nav_fisico' returned '0': CMAKE_PREFIX_PATH=/opt/ros/foxy /usr/bin/cmake --build /home/usuario/Documentos/GitHub/IR2121/Navigation/build/nav_fisico -- -j6 -l6
[4.872s] Invoking command in '/home/usuario/Documentos/GitHub/IR2121/Navigation/build/nav_fisico': CMAKE_PREFIX_PATH=/opt/ros/foxy /usr/bin/cmake --install /home/usuario/Documentos/GitHub/IR2121/Navigation/build/nav_fisico
[4.879s] -- Install configuration: ""
[4.883s] -- Installing: /home/usuario/Documentos/GitHub/IR2121/Navigation/install/nav_fisico/lib/nav_fisico/publisher
[4.893s] -- Set runtime path of "/home/usuario/Documentos/GitHub/IR2121/Navigation/install/nav_fisico/lib/nav_fisico/publisher" to ""
[4.893s] -- Up-to-date: /home/usuario/Documentos/GitHub/IR2121/Navigation/install/nav_fisico/share/ament_index/resource_index/package_run_dependencies/nav_fisico
[4.893s] -- Up-to-date: /home/usuario/Documentos/GitHub/IR2121/Navigation/install/nav_fisico/share/ament_index/resource_index/parent_prefix_path/nav_fisico
[4.893s] -- Installing: /home/usuario/Documentos/GitHub/IR2121/Navigation/install/nav_fisico/share/nav_fisico/environment/ament_prefix_path.sh
[4.893s] -- Installing: /home/usuario/Documentos/GitHub/IR2121/Navigation/install/nav_fisico/share/nav_fisico/environment/ament_prefix_path.dsv
[4.894s] -- Installing: /home/usuario/Documentos/GitHub/IR2121/Navigation/install/nav_fisico/share/nav_fisico/environment/path.sh
[4.894s] -- Installing: /home/usuario/Documentos/GitHub/IR2121/Navigation/install/nav_fisico/share/nav_fisico/environment/path.dsv
[4.894s] -- Up-to-date: /home/usuario/Documentos/GitHub/IR2121/Navigation/install/nav_fisico/share/nav_fisico/local_setup.bash
[4.894s] -- Up-to-date: /home/usuario/Documentos/GitHub/IR2121/Navigation/install/nav_fisico/share/nav_fisico/local_setup.sh
[4.894s] -- Up-to-date: /home/usuario/Documentos/GitHub/IR2121/Navigation/install/nav_fisico/share/nav_fisico/local_setup.zsh
[4.894s] -- Installing: /home/usuario/Documentos/GitHub/IR2121/Navigation/install/nav_fisico/share/nav_fisico/local_setup.dsv
[4.894s] -- Installing: /home/usuario/Documentos/GitHub/IR2121/Navigation/install/nav_fisico/share/nav_fisico/package.dsv
[4.894s] -- Up-to-date: /home/usuario/Documentos/GitHub/IR2121/Navigation/install/nav_fisico/share/ament_index/resource_index/packages/nav_fisico
[4.895s] -- Up-to-date: /home/usuario/Documentos/GitHub/IR2121/Navigation/install/nav_fisico/share/nav_fisico/cmake/nav_fisicoConfig.cmake
[4.895s] -- Up-to-date: /home/usuario/Documentos/GitHub/IR2121/Navigation/install/nav_fisico/share/nav_fisico/cmake/nav_fisicoConfig-version.cmake
[4.895s] -- Up-to-date: /home/usuario/Documentos/GitHub/IR2121/Navigation/install/nav_fisico/share/nav_fisico/package.xml
[4.906s] Invoked command in '/home/usuario/Documentos/GitHub/IR2121/Navigation/build/nav_fisico' returned '0': CMAKE_PREFIX_PATH=/opt/ros/foxy /usr/bin/cmake --install /home/usuario/Documentos/GitHub/IR2121/Navigation/build/nav_fisico
