[1.295s] Invoking command in '/home/usuario/Documentos/GitHub/IR2121/Navigation/build/nav': CMAKE_PREFIX_PATH=/opt/ros/foxy /usr/bin/cmake --build /home/usuario/Documentos/GitHub/IR2121/Navigation/build/nav -- -j2 -l2
[1.567s] [100%] Built target publisher
[1.609s] Invoked command in '/home/usuario/Documentos/GitHub/IR2121/Navigation/build/nav' returned '0': CMAKE_PREFIX_PATH=/opt/ros/foxy /usr/bin/cmake --build /home/usuario/Documentos/GitHub/IR2121/Navigation/build/nav -- -j2 -l2
[1.762s] Invoking command in '/home/usuario/Documentos/GitHub/IR2121/Navigation/build/nav': CMAKE_PREFIX_PATH=/opt/ros/foxy /usr/bin/cmake --install /home/usuario/Documentos/GitHub/IR2121/Navigation/build/nav
[1.800s] -- Install configuration: ""
[1.802s] -- Up-to-date: /home/usuario/Documentos/GitHub/IR2121/Navigation/install/nav/lib/nav/publisher
[1.804s] -- Up-to-date: /home/usuario/Documentos/GitHub/IR2121/Navigation/install/nav/share/ament_index/resource_index/package_run_dependencies/nav
[1.805s] -- Up-to-date: /home/usuario/Documentos/GitHub/IR2121/Navigation/install/nav/share/ament_index/resource_index/parent_prefix_path/nav
[1.806s] -- Up-to-date: /home/usuario/Documentos/GitHub/IR2121/Navigation/install/nav/share/nav/environment/ament_prefix_path.sh
[1.807s] -- Up-to-date: /home/usuario/Documentos/GitHub/IR2121/Navigation/install/nav/share/nav/environment/ament_prefix_path.dsv
[1.808s] -- Up-to-date: /home/usuario/Documentos/GitHub/IR2121/Navigation/install/nav/share/nav/environment/path.sh
[1.809s] -- Up-to-date: /home/usuario/Documentos/GitHub/IR2121/Navigation/install/nav/share/nav/environment/path.dsv
[1.810s] -- Up-to-date: /home/usuario/Documentos/GitHub/IR2121/Navigation/install/nav/share/nav/local_setup.bash
[1.811s] -- Up-to-date: /home/usuario/Documentos/GitHub/IR2121/Navigation/install/nav/share/nav/local_setup.sh
[1.812s] -- Up-to-date: /home/usuario/Documentos/GitHub/IR2121/Navigation/install/nav/share/nav/local_setup.zsh
[1.813s] -- Up-to-date: /home/usuario/Documentos/GitHub/IR2121/Navigation/install/nav/share/nav/local_setup.dsv
[1.814s] -- Installing: /home/usuario/Documentos/GitHub/IR2121/Navigation/install/nav/share/nav/package.dsv
[1.815s] -- Up-to-date: /home/usuario/Documentos/GitHub/IR2121/Navigation/install/nav/share/ament_index/resource_index/packages/nav
[1.818s] -- Up-to-date: /home/usuario/Documentos/GitHub/IR2121/Navigation/install/nav/share/nav/cmake/navConfig.cmake
[1.818s] -- Up-to-date: /home/usuario/Documentos/GitHub/IR2121/Navigation/install/nav/share/nav/cmake/navConfig-version.cmake
[1.819s] -- Up-to-date: /home/usuario/Documentos/GitHub/IR2121/Navigation/install/nav/share/nav/package.xml
[1.824s] Invoked command in '/home/usuario/Documentos/GitHub/IR2121/Navigation/build/nav' returned '0': CMAKE_PREFIX_PATH=/opt/ros/foxy /usr/bin/cmake --install /home/usuario/Documentos/GitHub/IR2121/Navigation/build/nav
