[0.014s] Invoking command in '/home/usuario/Documentos/GitHub/IR2121/Navigation/build/nav': CMAKE_PREFIX_PATH=/opt/ros/foxy /usr/bin/cmake /home/usuario/Documentos/GitHub/IR2121/Navigation/src -DCMAKE_INSTALL_PREFIX=/home/usuario/Documentos/GitHub/IR2121/Navigation/install/nav
[0.070s] -- The C compiler identification is GNU 9.4.0
[0.158s] -- The CXX compiler identification is GNU 9.4.0
[0.163s] -- Check for working C compiler: /usr/bin/cc
[0.299s] -- Check for working C compiler: /usr/bin/cc -- works
[0.300s] -- Detecting C compiler ABI info
[0.441s] -- Detecting C compiler ABI info - done
[0.453s] -- Detecting C compile features
[0.453s] -- Detecting C compile features - done
[0.454s] -- Check for working CXX compiler: /usr/bin/c++
[0.607s] -- Check for working CXX compiler: /usr/bin/c++ -- works
[0.608s] -- Detecting CXX compiler ABI info
[0.776s] -- Detecting CXX compiler ABI info - done
[0.787s] -- Detecting CXX compile features
[0.788s] -- Detecting CXX compile features - done
[0.789s] -- Found ament_cmake: 0.9.12 (/opt/ros/foxy/share/ament_cmake/cmake)
[0.821s] -- Found PythonInterp: /usr/bin/python3 (found suitable version "3.8.10", minimum required is "3") 
[0.821s] -- Using PYTHON_EXECUTABLE: /usr/bin/python3
[1.026s] -- Found rclcpp: 2.4.3 (/opt/ros/foxy/share/rclcpp/cmake)
[1.059s] -- Using all available rosidl_typesupport_c: rosidl_typesupport_fastrtps_c;rosidl_typesupport_introspection_c
[1.064s] -- Found rosidl_adapter: 1.3.1 (/opt/ros/foxy/share/rosidl_adapter/cmake)
[1.127s] -- Found OpenSSL: /usr/lib/x86_64-linux-gnu/libcrypto.so (found version "1.1.1f")  
[1.160s] -- Found FastRTPS: /opt/ros/foxy/include  
[1.220s] -- Using all available rosidl_typesupport_cpp: rosidl_typesupport_fastrtps_cpp;rosidl_typesupport_introspection_cpp
[1.260s] -- Found rmw_implementation_cmake: 1.0.4 (/opt/ros/foxy/share/rmw_implementation_cmake/cmake)
[1.261s] -- Using RMW implementation 'rmw_fastrtps_cpp' as default
[1.267s] -- Looking for pthread.h
[1.427s] -- Looking for pthread.h - found
[1.427s] -- Performing Test CMAKE_HAVE_LIBC_PTHREAD
[1.560s] -- Performing Test CMAKE_HAVE_LIBC_PTHREAD - Failed
[1.560s] -- Looking for pthread_create in pthreads
[1.660s] -- Looking for pthread_create in pthreads - not found
[1.660s] -- Looking for pthread_create in pthread
[1.802s] -- Looking for pthread_create in pthread - found
[1.803s] -- Found Threads: TRUE  
[1.915s] -- Found geometry_msgs: 2.0.5 (/opt/ros/foxy/share/geometry_msgs/cmake)
[1.941s] -- Found nav_msgs: 2.0.5 (/opt/ros/foxy/share/nav_msgs/cmake)
[2.086s] -- Configuring done
[2.094s] -- Generating done
[2.095s] -- Build files have been written to: /home/usuario/Documentos/GitHub/IR2121/Navigation/build/nav
[2.103s] Invoked command in '/home/usuario/Documentos/GitHub/IR2121/Navigation/build/nav' returned '0': CMAKE_PREFIX_PATH=/opt/ros/foxy /usr/bin/cmake /home/usuario/Documentos/GitHub/IR2121/Navigation/src -DCMAKE_INSTALL_PREFIX=/home/usuario/Documentos/GitHub/IR2121/Navigation/install/nav
[2.105s] Invoking command in '/home/usuario/Documentos/GitHub/IR2121/Navigation/build/nav': CMAKE_PREFIX_PATH=/opt/ros/foxy /usr/bin/cmake --build /home/usuario/Documentos/GitHub/IR2121/Navigation/build/nav -- -j6 -l6
[2.161s] [35m[1mScanning dependencies of target publisher[0m
[2.213s] [ 50%] [32mBuilding CXX object CMakeFiles/publisher.dir/publisher.cpp.o[0m
[196.621s] [100%] [32m[1mLinking CXX executable publisher[0m
[216.594s] [100%] Built target publisher
[216.607s] Invoked command in '/home/usuario/Documentos/GitHub/IR2121/Navigation/build/nav' returned '0': CMAKE_PREFIX_PATH=/opt/ros/foxy /usr/bin/cmake --build /home/usuario/Documentos/GitHub/IR2121/Navigation/build/nav -- -j6 -l6
[216.641s] Invoking command in '/home/usuario/Documentos/GitHub/IR2121/Navigation/build/nav': CMAKE_PREFIX_PATH=/opt/ros/foxy /usr/bin/cmake --install /home/usuario/Documentos/GitHub/IR2121/Navigation/build/nav
[216.647s] -- Install configuration: ""
[216.647s] -- Installing: /home/usuario/Documentos/GitHub/IR2121/Navigation/install/nav/lib/nav/publisher
[216.649s] -- Set runtime path of "/home/usuario/Documentos/GitHub/IR2121/Navigation/install/nav/lib/nav/publisher" to ""
[216.649s] -- Installing: /home/usuario/Documentos/GitHub/IR2121/Navigation/install/nav/share/ament_index/resource_index/package_run_dependencies/nav
[216.649s] -- Installing: /home/usuario/Documentos/GitHub/IR2121/Navigation/install/nav/share/ament_index/resource_index/parent_prefix_path/nav
[216.652s] -- Installing: /home/usuario/Documentos/GitHub/IR2121/Navigation/install/nav/share/nav/environment/ament_prefix_path.sh
[216.652s] -- Installing: /home/usuario/Documentos/GitHub/IR2121/Navigation/install/nav/share/nav/environment/ament_prefix_path.dsv
[216.655s] -- Installing: /home/usuario/Documentos/GitHub/IR2121/Navigation/install/nav/share/nav/environment/path.sh
[216.656s] -- Installing: /home/usuario/Documentos/GitHub/IR2121/Navigation/install/nav/share/nav/environment/path.dsv
[216.658s] -- Installing: /home/usuario/Documentos/GitHub/IR2121/Navigation/install/nav/share/nav/local_setup.bash
[216.660s] -- Installing: /home/usuario/Documentos/GitHub/IR2121/Navigation/install/nav/share/nav/local_setup.sh
[216.664s] -- Installing: /home/usuario/Documentos/GitHub/IR2121/Navigation/install/nav/share/nav/local_setup.zsh
[216.666s] -- Installing: /home/usuario/Documentos/GitHub/IR2121/Navigation/install/nav/share/nav/local_setup.dsv
[216.668s] -- Installing: /home/usuario/Documentos/GitHub/IR2121/Navigation/install/nav/share/nav/package.dsv
[216.669s] -- Installing: /home/usuario/Documentos/GitHub/IR2121/Navigation/install/nav/share/ament_index/resource_index/packages/nav
[216.670s] -- Installing: /home/usuario/Documentos/GitHub/IR2121/Navigation/install/nav/share/nav/cmake/navConfig.cmake
[216.672s] -- Installing: /home/usuario/Documentos/GitHub/IR2121/Navigation/install/nav/share/nav/cmake/navConfig-version.cmake
[216.674s] -- Installing: /home/usuario/Documentos/GitHub/IR2121/Navigation/install/nav/share/nav/package.xml
[216.677s] Invoked command in '/home/usuario/Documentos/GitHub/IR2121/Navigation/build/nav' returned '0': CMAKE_PREFIX_PATH=/opt/ros/foxy /usr/bin/cmake --install /home/usuario/Documentos/GitHub/IR2121/Navigation/build/nav
